<?xml version="1.0" encoding="UTF-8"?>
<!-- Generated by org.testng.reporters.JUnitReportReporter -->
<testsuite name="page1.BusticketTest" tests="1" time="18.002" ignored="0" failures="0" timestamp="30 Dec 2019 07:21:41 GMT" skipped="0" hostname="QAPLANET-PC" errors="0">
  <testcase name="TC_Busticket" time="18.002" classname="page1.BusticketTest"/>
</testsuite> <!-- page1.BusticketTest -->
