<?xml version="1.0" encoding="UTF-8"?>
<!-- Generated by org.testng.reporters.JUnitReportReporter -->
<testsuite name="page1.FirstpagelinkTest" tests="1" time="10.998" ignored="0" failures="0" timestamp="02 Jan 2020 05:06:40 GMT" skipped="0" hostname="QAPLANET-PC" errors="0">
  <testcase name="TC_001" time="10.998" classname="page1.FirstpagelinkTest"/>
</testsuite> <!-- page1.FirstpagelinkTest -->
